 Priroda 13 (2013.01.10)
 copyright (c) D.N. Laikov

 date: Sun Jan 27 19:34:17 2013

 node  0: 'a722'

 Memory: 64m + 256m (64m + 256m)


 molecule input: ''
 60 atoms, 360 electrons

 Atomic Coordinates:
   6     2.58261339  -0.72419779   2.28278182
   6     2.58261339   0.72419779   2.28278182
   6     1.41083675   1.17177664   3.00697961
   6     0.68663896   0.00000000   3.45455846
   6     1.41083675  -1.17177664   3.00697961
   6    -0.68663896   0.00000000   3.45455846
   6    -1.41083675  -1.17177664   3.00697961
   6    -0.72419779  -2.28278182   2.58261339
   6     0.72419779  -2.28278182   2.58261339
   6     3.00697961   1.41083675   1.17177664
   6     2.28278182   2.58261339   0.72419779
   6     1.17177664   3.00697961   1.41083675
   6     0.72419779   2.28278182   2.58261339
   6    -2.58261339  -0.72419779   2.28278182
   6    -2.58261339   0.72419779   2.28278182
   6    -1.41083675   1.17177664   3.00697961
   6     0.00000000   3.45455846   0.68663896
   6    -1.17177664   3.00697961   1.41083675
   6    -0.72419779   2.28278182   2.58261339
   6    -3.00697961   1.41083675   1.17177664
   6    -2.28278182   2.58261339   0.72419779
   6    -1.17177664  -3.00697961   1.41083675
   6    -2.28278182  -2.58261339   0.72419779
   6    -3.00697961  -1.41083675   1.17177664
   6    -3.45455846  -0.68663896   0.00000000
   6    -3.45455846   0.68663896  -0.00000000
   6     1.17177664  -3.00697961   1.41083675
   6     2.28278182  -2.58261339   0.72419779
   6     3.00697961  -1.41083675   1.17177664
   6     3.45455846  -0.68663896   0.00000000
   6     3.45455846   0.68663896  -0.00000000
   6     2.28278182   2.58261339  -0.72419779
   6     1.17177664   3.00697961  -1.41083675
   6    -0.00000000   3.45455846  -0.68663896
   6    -2.28278182   2.58261339  -0.72419779
   6    -1.17177664   3.00697961  -1.41083675
   6    -3.00697961   1.41083675  -1.17177664
   6     0.00000000  -3.45455846   0.68663896
   6     3.00697961   1.41083675  -1.17177664
   6     2.58261339   0.72419779  -2.28278182
   6     2.58261339  -0.72419779  -2.28278182
   6     3.00697961  -1.41083675  -1.17177664
   6     0.72419779   2.28278182  -2.58261339
   6     1.41083675   1.17177664  -3.00697961
   6    -3.00697961  -1.41083675  -1.17177664
   6    -2.58261339  -0.72419779  -2.28278182
   6    -2.58261339   0.72419779  -2.28278182
   6    -1.41083675   1.17177664  -3.00697961
   6    -0.72419779   2.28278182  -2.58261339
   6    -0.00000000  -3.45455846  -0.68663896
   6     1.17177664  -3.00697961  -1.41083675
   6     2.28278182  -2.58261339  -0.72419779
   6    -1.17177664  -3.00697961  -1.41083675
   6    -2.28278182  -2.58261339  -0.72419779
   6     1.41083675  -1.17177664  -3.00697961
   6     0.72419779  -2.28278182  -2.58261339
   6    -0.68663896  -0.00000000  -3.45455846
   6     0.68663896   0.00000000  -3.45455846
   6    -0.72419779  -2.28278182  -2.58261339
   6    -1.41083675  -1.17177664  -3.00697961
 #
  formula: C60
  internuclear distances:
  C1    |  C2   : 1.44840  C5   : 1.44840  C29  : 1.37328
  C2    |  C1   : 1.44840  C3   : 1.44840  C10  : 1.37328
  C3    |  C2   : 1.44840  C4   : 1.44840  C13  : 1.37328
  C4    |  C3   : 1.44840  C5   : 1.44840  C6   : 1.37328
  C5    |  C1   : 1.44840  C4   : 1.44840  C9   : 1.37328
  C6    |  C4   : 1.37328  C7   : 1.44840  C16  : 1.44840
  C7    |  C6   : 1.44840  C8   : 1.37328  C14  : 1.44840
  C8    |  C7   : 1.37328  C9   : 1.44840  C22  : 1.44840
  C9    |  C5   : 1.37328  C8   : 1.44840  C27  : 1.44840
  C10   |  C2   : 1.37328  C11  : 1.44840  C31  : 1.44840
  C11   |  C10  : 1.44840  C12  : 1.37328  C32  : 1.44840
  C12   |  C11  : 1.37328  C13  : 1.44840  C17  : 1.44840
  C13   |  C3   : 1.37328  C12  : 1.44840  C19  : 1.44840
  C14   |  C7   : 1.44840  C15  : 1.44840  C24  : 1.37328
  C15   |  C14  : 1.44840  C16  : 1.44840  C20  : 1.37328
  C16   |  C6   : 1.44840  C15  : 1.44840  C19  : 1.37328
  C17   |  C12  : 1.44840  C18  : 1.44840  C34  : 1.37328
  C18   |  C17  : 1.44840  C19  : 1.44840  C21  : 1.37328
  C19   |  C13  : 1.44840  C16  : 1.37328  C18  : 1.44840
  C20   |  C15  : 1.37328  C21  : 1.44840  C26  : 1.44840
  C21   |  C18  : 1.37328  C20  : 1.44840  C35  : 1.44840
  C22   |  C8   : 1.44840  C23  : 1.37328  C38  : 1.44840
  C23   |  C22  : 1.37328  C24  : 1.44840  C54  : 1.44840
  C24   |  C14  : 1.37328  C23  : 1.44840  C25  : 1.44840
  C25   |  C24  : 1.44840  C26  : 1.37328  C45  : 1.44840
  C26   |  C20  : 1.44840  C25  : 1.37328  C37  : 1.44840
  C27   |  C9   : 1.44840  C28  : 1.37328  C38  : 1.44840
  C28   |  C27  : 1.37328  C29  : 1.44840  C52  : 1.44840
  C29   |  C1   : 1.37328  C28  : 1.44840  C30  : 1.44840
  C30   |  C29  : 1.44840  C31  : 1.37328  C42  : 1.44840
  C31   |  C10  : 1.44840  C30  : 1.37328  C39  : 1.44840
  C32   |  C11  : 1.44840  C33  : 1.37328  C39  : 1.44840
  C33   |  C32  : 1.37328  C34  : 1.44840  C43  : 1.44840
  C34   |  C17  : 1.37328  C33  : 1.44840  C36  : 1.44840
  C35   |  C21  : 1.44840  C36  : 1.37328  C37  : 1.44840
  C36   |  C34  : 1.44840  C35  : 1.37328  C49  : 1.44840
  C37   |  C26  : 1.44840  C35  : 1.44840  C47  : 1.37328
  C38   |  C22  : 1.44840  C27  : 1.44840  C50  : 1.37328
  C39   |  C31  : 1.44840  C32  : 1.44840  C40  : 1.37328
  C40   |  C39  : 1.37328  C41  : 1.44840  C44  : 1.44840
  C41   |  C40  : 1.44840  C42  : 1.37328  C55  : 1.44840
  C42   |  C30  : 1.44840  C41  : 1.37328  C52  : 1.44840
  C43   |  C33  : 1.44840  C44  : 1.37328  C49  : 1.44840
  C44   |  C40  : 1.44840  C43  : 1.37328  C58  : 1.44840
  C45   |  C25  : 1.44840  C46  : 1.37328  C54  : 1.44840
  C46   |  C45  : 1.37328  C47  : 1.44840  C60  : 1.44840
  C47   |  C37  : 1.37328  C46  : 1.44840  C48  : 1.44840
  C48   |  C47  : 1.44840  C49  : 1.37328  C57  : 1.44840
  C49   |  C36  : 1.44840  C43  : 1.44840  C48  : 1.37328
  C50   |  C38  : 1.37328  C51  : 1.44840  C53  : 1.44840
  C51   |  C50  : 1.44840  C52  : 1.37328  C56  : 1.44840
  C52   |  C28  : 1.44840  C42  : 1.44840  C51  : 1.37328
  C53   |  C50  : 1.44840  C54  : 1.37328  C59  : 1.44840
  C54   |  C23  : 1.44840  C45  : 1.44840  C53  : 1.37328
  C55   |  C41  : 1.44840  C56  : 1.37328  C58  : 1.44840
  C56   |  C51  : 1.44840  C55  : 1.37328  C59  : 1.44840
  C57   |  C48  : 1.44840  C58  : 1.37328  C60  : 1.44840
  C58   |  C44  : 1.44840  C55  : 1.44840  C57  : 1.37328
  C59   |  C53  : 1.44840  C56  : 1.44840  C60  : 1.37328
  C60   |  C46  : 1.44840  C57  : 1.44840  C59  : 1.37328
     largest =    7.04427


 qm file: '/home/dima/work/program/basis/qm.in'

 Geometry optimization options:
 Coordinates: internal
 Tolerance on gradient       = 0.00001000
 Tolerance on displacement   = 0.00100000
 Trust radius                = 0.20000000 (max), 0.01250000 (min)
 Maximum number of steps     =        150
 Updated hessian used

 Geometry Optimization Step 0:
   180 cartesian,  956 internal coordinates
   174 independent variables
 time: Geomtery Optimization            :     0.2  99.9%     0.2

 SCF: No=120,120 N=240 N1=540
 time: H                                :     0.4  99.8%     0.4
 time: R                                :     1.5  99.8%     1.5
it= 0: E=-2277.8974171925 g=0.1976670621 x=0.1714279456
it= 1: E=-2279.7877552520 g=0.0270349197 x=0.0558910887
it= 2: E=-2279.8924648069 g=0.0035256404 x=0.0055134890
it= 3: E=-2279.8940237361 g=0.0013948593 x=0.0057268276
it= 4: E=-2279.8943777852 g=0.0003528229 x=0.0012953476
it= 5: E=-2279.8943962297 g=0.0000954812 x=0.0001829942
it= 6: E=-2279.8943970793 g=0.0000096570 x=0.0000159099
it= 7: E=-2279.8943970996 g=0.0000022725 x=0.0000039620
it= 8: E=-2279.8943971003 g=0.0000003357 x=0.0000005834
it= 9: E=-2279.8943971003 g=0.0000000415 x=0.0000001076
it=10: E=-2279.8943971003 g=0.0000000147 x=0.0000000719
it=11: E=-2279.8943971004 g=0.0000000087 x=0.0000000651
it=12: E=-2279.8943971004 g=0.0000000032 x=0.0000000321
it=13: E=-2279.8943971004 g=0.0000000009 x=0.0000000069
converged!
it=14: E=-2279.8943971004 g=0.0000000003
 e: -0.30583 -0.02677
 time: J                                :     1.0  99.1%     1.0
 time: K                                :     1.5 100.0%     1.5
 time: SCF                              :     9.4  99.5%     9.4
 time: Hx                               :     1.1  99.8%     1.1
 time: Rx                               :     3.8  99.8%     3.8
 gmax = 0.00000050
 time: Energy                           :    16.2  99.6%    16.3

 Geometry Optimization Step 1:
 Energy:         -2279.89439710
   180 cartesian,  956 internal coordinates
   174 independent variables
 include g
 max. gradient     = 0.0000011 (internal), 0.0000005 (cartesian)
 max. displacement = 0.0000021 (internal), 0.0000048 (cartesian)
 iter   0: rmax = 0.0000021009, xmax = 0.0000048025
 iter   1: rmax = 0.0000000000, xmax = 0.0000000000
 max. displacement = 0.0000021 (internal), 0.0000048 (cartesian)
 OPTIMIZATION CONVERGED in 0 steps!
MOL>$molecule
MOL> cartesian
MOL>   6     2.58261339  -0.72419779   2.28278182
MOL>   6     2.58261339   0.72419779   2.28278182
MOL>   6     1.41083675   1.17177664   3.00697961
MOL>   6     0.68663896   0.00000000   3.45455846
MOL>   6     1.41083675  -1.17177664   3.00697961
MOL>   6    -0.68663896   0.00000000   3.45455846
MOL>   6    -1.41083675  -1.17177664   3.00697961
MOL>   6    -0.72419779  -2.28278182   2.58261339
MOL>   6     0.72419779  -2.28278182   2.58261339
MOL>   6     3.00697961   1.41083675   1.17177664
MOL>   6     2.28278182   2.58261339   0.72419779
MOL>   6     1.17177664   3.00697961   1.41083675
MOL>   6     0.72419779   2.28278182   2.58261339
MOL>   6    -2.58261339  -0.72419779   2.28278182
MOL>   6    -2.58261339   0.72419779   2.28278182
MOL>   6    -1.41083675   1.17177664   3.00697961
MOL>   6     0.00000000   3.45455846   0.68663896
MOL>   6    -1.17177664   3.00697961   1.41083675
MOL>   6    -0.72419779   2.28278182   2.58261339
MOL>   6    -3.00697961   1.41083675   1.17177664
MOL>   6    -2.28278182   2.58261339   0.72419779
MOL>   6    -1.17177664  -3.00697961   1.41083675
MOL>   6    -2.28278182  -2.58261339   0.72419779
MOL>   6    -3.00697961  -1.41083675   1.17177664
MOL>   6    -3.45455846  -0.68663896   0.00000000
MOL>   6    -3.45455846   0.68663896  -0.00000000
MOL>   6     1.17177664  -3.00697961   1.41083675
MOL>   6     2.28278182  -2.58261339   0.72419779
MOL>   6     3.00697961  -1.41083675   1.17177664
MOL>   6     3.45455846  -0.68663896   0.00000000
MOL>   6     3.45455846   0.68663896  -0.00000000
MOL>   6     2.28278182   2.58261339  -0.72419779
MOL>   6     1.17177664   3.00697961  -1.41083675
MOL>   6    -0.00000000   3.45455846  -0.68663896
MOL>   6    -2.28278182   2.58261339  -0.72419779
MOL>   6    -1.17177664   3.00697961  -1.41083675
MOL>   6    -3.00697961   1.41083675  -1.17177664
MOL>   6     0.00000000  -3.45455846   0.68663896
MOL>   6     3.00697961   1.41083675  -1.17177664
MOL>   6     2.58261339   0.72419779  -2.28278182
MOL>   6     2.58261339  -0.72419779  -2.28278182
MOL>   6     3.00697961  -1.41083675  -1.17177664
MOL>   6     0.72419779   2.28278182  -2.58261339
MOL>   6     1.41083675   1.17177664  -3.00697961
MOL>   6    -3.00697961  -1.41083675  -1.17177664
MOL>   6    -2.58261339  -0.72419779  -2.28278182
MOL>   6    -2.58261339   0.72419779  -2.28278182
MOL>   6    -1.41083675   1.17177664  -3.00697961
MOL>   6    -0.72419779   2.28278182  -2.58261339
MOL>   6    -0.00000000  -3.45455846  -0.68663896
MOL>   6     1.17177664  -3.00697961  -1.41083675
MOL>   6     2.28278182  -2.58261339  -0.72419779
MOL>   6    -1.17177664  -3.00697961  -1.41083675
MOL>   6    -2.28278182  -2.58261339  -0.72419779
MOL>   6     1.41083675  -1.17177664  -3.00697961
MOL>   6     0.72419779  -2.28278182  -2.58261339
MOL>   6    -0.68663896  -0.00000000  -3.45455846
MOL>   6     0.68663896   0.00000000  -3.45455846
MOL>   6    -0.72419779  -2.28278182  -2.58261339
MOL>   6    -1.41083675  -1.17177664  -3.00697961
MOL>$end
MOL> Energy =  -2279.89439710

 Atomic Coordinates:
   6     2.58261339  -0.72419779   2.28278182
   6     2.58261339   0.72419779   2.28278182
   6     1.41083675   1.17177664   3.00697961
   6     0.68663896   0.00000000   3.45455846
   6     1.41083675  -1.17177664   3.00697961
   6    -0.68663896   0.00000000   3.45455846
   6    -1.41083675  -1.17177664   3.00697961
   6    -0.72419779  -2.28278182   2.58261339
   6     0.72419779  -2.28278182   2.58261339
   6     3.00697961   1.41083675   1.17177664
   6     2.28278182   2.58261339   0.72419779
   6     1.17177664   3.00697961   1.41083675
   6     0.72419779   2.28278182   2.58261339
   6    -2.58261339  -0.72419779   2.28278182
   6    -2.58261339   0.72419779   2.28278182
   6    -1.41083675   1.17177664   3.00697961
   6     0.00000000   3.45455846   0.68663896
   6    -1.17177664   3.00697961   1.41083675
   6    -0.72419779   2.28278182   2.58261339
   6    -3.00697961   1.41083675   1.17177664
   6    -2.28278182   2.58261339   0.72419779
   6    -1.17177664  -3.00697961   1.41083675
   6    -2.28278182  -2.58261339   0.72419779
   6    -3.00697961  -1.41083675   1.17177664
   6    -3.45455846  -0.68663896   0.00000000
   6    -3.45455846   0.68663896  -0.00000000
   6     1.17177664  -3.00697961   1.41083675
   6     2.28278182  -2.58261339   0.72419779
   6     3.00697961  -1.41083675   1.17177664
   6     3.45455846  -0.68663896   0.00000000
   6     3.45455846   0.68663896  -0.00000000
   6     2.28278182   2.58261339  -0.72419779
   6     1.17177664   3.00697961  -1.41083675
   6    -0.00000000   3.45455846  -0.68663896
   6    -2.28278182   2.58261339  -0.72419779
   6    -1.17177664   3.00697961  -1.41083675
   6    -3.00697961   1.41083675  -1.17177664
   6     0.00000000  -3.45455846   0.68663896
   6     3.00697961   1.41083675  -1.17177664
   6     2.58261339   0.72419779  -2.28278182
   6     2.58261339  -0.72419779  -2.28278182
   6     3.00697961  -1.41083675  -1.17177664
   6     0.72419779   2.28278182  -2.58261339
   6     1.41083675   1.17177664  -3.00697961
   6    -3.00697961  -1.41083675  -1.17177664
   6    -2.58261339  -0.72419779  -2.28278182
   6    -2.58261339   0.72419779  -2.28278182
   6    -1.41083675   1.17177664  -3.00697961
   6    -0.72419779   2.28278182  -2.58261339
   6    -0.00000000  -3.45455846  -0.68663896
   6     1.17177664  -3.00697961  -1.41083675
   6     2.28278182  -2.58261339  -0.72419779
   6    -1.17177664  -3.00697961  -1.41083675
   6    -2.28278182  -2.58261339  -0.72419779
   6     1.41083675  -1.17177664  -3.00697961
   6     0.72419779  -2.28278182  -2.58261339
   6    -0.68663896  -0.00000000  -3.45455846
   6     0.68663896   0.00000000  -3.45455846
   6    -0.72419779  -2.28278182  -2.58261339
   6    -1.41083675  -1.17177664  -3.00697961
 #

 time: Geomtery Optimization            :     0.8  99.5%     0.8

 ============================================================

 Memory used =    51965 KB
  Disk  used =    23462 KB,         23401 KB written,        22482 KB read

 CPU  time =   17.51 sec =  0.29 min = 0.00 hr =   99.56%
 REAL time =   17.58 sec =  0.29 min = 0.00 hr
 ratio     =   99.56%

 date: Sun Jan 27 19:34:35 2013

 time: Geomtery Optimization            :     0.8  99.5%     0.8
 time: Energy                           :    16.2  99.6%    16.3
 time: H                                :     0.4  99.8%     0.4
 time: R                                :     1.5  99.8%     1.5
 time: J                                :     1.0  99.1%     1.0
 time: K                                :     1.5 100.0%     1.5
 time: SCF                              :     9.4  99.5%     9.4
 time: Matrix Multiply                  :     5.8  99.6%     5.8
 time: Diagonalize                      :     0.4 100.0%     0.4
 time: rotate                           :     0.4  98.1%     0.4
 time: Hx                               :     1.1  99.8%     1.1
 time: Rx                               :     3.8  99.8%     3.8
